Sat Dec 21 10:49:53 SAST 2024 : Could not listen on port 1527 on host 127.0.0.1:
 java.net.BindException: Address already in use: bind
An exception was thrown during network server startup. DRDA_ListenPort.S:Could not listen on port 1527 on host 127.0.0.1:
 java.net.BindException: Address already in use: bind
java.lang.reflect.InvocationTargetException
	at java.base/jdk.internal.reflect.DirectMethodHandleAccessor.invoke(DirectMethodHandleAccessor.java:118)
	at java.base/java.lang.reflect.Method.invoke(Method.java:580)
	at org.apache.derby.iapi.jdbc.DRDAServerStarter.run(Unknown Source)
	at java.base/java.lang.Thread.run(Thread.java:1575)
Caused by: java.lang.Exception: DRDA_ListenPort.S:Could not listen on port 1527 on host 127.0.0.1:
 java.net.BindException: Address already in use: bind
	at org.apache.derby.impl.drda.NetworkServerControlImpl.consolePropertyMessageWork(Unknown Source)
	at org.apache.derby.impl.drda.NetworkServerControlImpl.consolePropertyMessage(Unknown Source)
	at org.apache.derby.impl.drda.NetworkServerControlImpl.blockingStart(Unknown Source)
	at java.base/jdk.internal.reflect.DirectMethodHandleAccessor.invoke(DirectMethodHandleAccessor.java:103)
	... 3 more
Sat Dec 21 10:49:55 SAST 2024 : Could not listen on port 1527 on host 127.0.0.1:
 java.net.BindException: Address already in use: bind
An exception was thrown during network server startup. DRDA_ListenPort.S:Could not listen on port 1527 on host 127.0.0.1:
 java.net.BindException: Address already in use: bind
java.lang.reflect.InvocationTargetException
	at java.base/jdk.internal.reflect.DirectMethodHandleAccessor.invoke(DirectMethodHandleAccessor.java:118)
	at java.base/java.lang.reflect.Method.invoke(Method.java:580)
	at org.apache.derby.iapi.jdbc.DRDAServerStarter.run(Unknown Source)
	at java.base/java.lang.Thread.run(Thread.java:1575)
Caused by: java.lang.Exception: DRDA_ListenPort.S:Could not listen on port 1527 on host 127.0.0.1:
 java.net.BindException: Address already in use: bind
	at org.apache.derby.impl.drda.NetworkServerControlImpl.consolePropertyMessageWork(Unknown Source)
	at org.apache.derby.impl.drda.NetworkServerControlImpl.consolePropertyMessage(Unknown Source)
	at org.apache.derby.impl.drda.NetworkServerControlImpl.blockingStart(Unknown Source)
	at java.base/jdk.internal.reflect.DirectMethodHandleAccessor.invoke(DirectMethodHandleAccessor.java:103)
	... 3 more
